  Bullet.cpp
  GameObject.cpp
  MainApp.cpp
C:\Users\he308\source\repos\WinAPI2\WinAPI2\MainApp.cpp(48,65): warning C4312: '형식 캐스트': 'DWORD'에서 더 큰 'HBRUSH'(으)로의 변환입니다.
  Player.cpp
C:\Users\he308\source\repos\WinAPI2\WinAPI2\Player.cpp(56,92): warning C4244: '인수': 'float'에서 'int'(으)로 변환하면서 데이터가 손실될 수 있습니다.
C:\Users\he308\source\repos\WinAPI2\WinAPI2\Player.cpp(56,70): warning C4244: '인수': 'float'에서 'int'(으)로 변환하면서 데이터가 손실될 수 있습니다.
C:\Users\he308\source\repos\WinAPI2\WinAPI2\Player.cpp(56,48): warning C4244: '인수': 'float'에서 'int'(으)로 변환하면서 데이터가 손실될 수 있습니다.
C:\Users\he308\source\repos\WinAPI2\WinAPI2\Player.cpp(56,26): warning C4244: '인수': 'float'에서 'int'(으)로 변환하면서 데이터가 손실될 수 있습니다.
C:\Program Files\Microsoft Visual Studio\2022\Community\VC\Tools\MSVC\14.34.31933\include\xstddef(142,55): error C2676: 이항 '<': 'const _Ty'이(가) 이 연산자를 정의하지 않거나 미리 정의된 연산자에 허용되는 형식으로의 변환을 정의하지 않습니다.
          with
          [
              _Ty=type_info
          ]
C:\Program Files\Microsoft Visual Studio\2022\Community\VC\Tools\MSVC\14.34.31933\include\map(653,17): message : 'bool std::operator <(const std::multimap<_Kty,_Ty,_Pr,_Alloc> &,const std::multimap<_Kty,_Ty,_Pr,_Alloc> &)'일 수 있습니다.
C:\Program Files\Microsoft Visual Studio\2022\Community\VC\Tools\MSVC\14.34.31933\include\xstddef(142,49): message : 'bool std::operator <(const std::multimap<_Kty,_Ty,_Pr,_Alloc> &,const std::multimap<_Kty,_Ty,_Pr,_Alloc> &)': 'const _Ty'에서 'const std::multimap<_Kty,_Ty,_Pr,_Alloc> &'에 대한 템플릿 인수를 추론할 수 없습니다.
          with
          [
              _Ty=type_info
          ]
C:\Program Files\Microsoft Visual Studio\2022\Community\VC\Tools\MSVC\14.34.31933\include\map(420,17): message : 또는       'bool std::operator <(const std::map<_Kty,_Ty,_Pr,_Alloc> &,const std::map<_Kty,_Ty,_Pr,_Alloc> &)'
C:\Program Files\Microsoft Visual Studio\2022\Community\VC\Tools\MSVC\14.34.31933\include\xstddef(142,49): message : 'bool std::operator <(const std::map<_Kty,_Ty,_Pr,_Alloc> &,const std::map<_Kty,_Ty,_Pr,_Alloc> &)': 'const _Ty'에서 'const std::map<_Kty,_Ty,_Pr,_Alloc> &'에 대한 템플릿 인수를 추론할 수 없습니다.
          with
          [
              _Ty=type_info
          ]
C:\Program Files\Microsoft Visual Studio\2022\Community\VC\Tools\MSVC\14.34.31933\include\tuple(693,27): message : 또는       'bool std::operator <(const std::tuple<_Types...> &,const std::tuple<_Types...> &)'
C:\Program Files\Microsoft Visual Studio\2022\Community\VC\Tools\MSVC\14.34.31933\include\xstddef(142,49): message : 'bool std::operator <(const std::tuple<_Types...> &,const std::tuple<_Types...> &)': 'const _Ty'에서 'const std::tuple<_Types...> &'에 대한 템플릿 인수를 추론할 수 없습니다.
          with
          [
              _Ty=type_info
          ]
C:\Program Files\Microsoft Visual Studio\2022\Community\VC\Tools\MSVC\14.34.31933\include\memory(3545,30): message : 또는       'bool std::operator <(std::nullptr_t,const std::unique_ptr<_Ty,_Dx> &)'
C:\Program Files\Microsoft Visual Studio\2022\Community\VC\Tools\MSVC\14.34.31933\include\xstddef(142,49): message : 'bool std::operator <(std::nullptr_t,const std::unique_ptr<_Ty,_Dx> &)': 'const _Ty'에서 'const std::unique_ptr<_Ty,_Dx> &'에 대한 템플릿 인수를 추론할 수 없습니다.
          with
          [
              _Ty=type_info
          ]
C:\Program Files\Microsoft Visual Studio\2022\Community\VC\Tools\MSVC\14.34.31933\include\memory(3539,30): message : 또는       'bool std::operator <(const std::unique_ptr<_Ty,_Dx> &,std::nullptr_t)'
C:\Program Files\Microsoft Visual Studio\2022\Community\VC\Tools\MSVC\14.34.31933\include\xstddef(142,49): message : 'bool std::operator <(const std::unique_ptr<_Ty,_Dx> &,std::nullptr_t)': 'const _Ty'에서 'const std::unique_ptr<_Ty,_Dx> &'에 대한 템플릿 인수를 추론할 수 없습니다.
          with
          [
              _Ty=type_info
          ]
C:\Program Files\Microsoft Visual Studio\2022\Community\VC\Tools\MSVC\14.34.31933\include\memory(3481,17): message : 또는       'bool std::operator <(const std::unique_ptr<_Ty,_Dx> &,const std::unique_ptr<_Ty2,_Dx2> &)'
C:\Program Files\Microsoft Visual Studio\2022\Community\VC\Tools\MSVC\14.34.31933\include\xstddef(142,49): message : 'bool std::operator <(const std::unique_ptr<_Ty,_Dx> &,const std::unique_ptr<_Ty2,_Dx2> &)': 'const _Ty'에서 'const std::unique_ptr<_Ty,_Dx> &'에 대한 템플릿 인수를 추론할 수 없습니다.
          with
          [
              _Ty=type_info
          ]
C:\Program Files\Microsoft Visual Studio\2022\Community\VC\Tools\MSVC\14.34.31933\include\memory(1879,17): message : 또는       'bool std::operator <(std::nullptr_t,const std::shared_ptr<_Ty> &) noexcept'
C:\Program Files\Microsoft Visual Studio\2022\Community\VC\Tools\MSVC\14.34.31933\include\xstddef(142,49): message : 'bool std::operator <(std::nullptr_t,const std::shared_ptr<_Ty> &) noexcept': 'const _Ty'에서 'const std::shared_ptr<_Ty> &'에 대한 템플릿 인수를 추론할 수 없습니다.
          with
          [
              _Ty=type_info
          ]
C:\Program Files\Microsoft Visual Studio\2022\Community\VC\Tools\MSVC\14.34.31933\include\memory(1874,17): message : 또는       'bool std::operator <(const std::shared_ptr<_Ty> &,std::nullptr_t) noexcept'
C:\Program Files\Microsoft Visual Studio\2022\Community\VC\Tools\MSVC\14.34.31933\include\xstddef(142,49): message : 'bool std::operator <(const std::shared_ptr<_Ty> &,std::nullptr_t) noexcept': 'const _Ty'에서 'const std::shared_ptr<_Ty> &'에 대한 템플릿 인수를 추론할 수 없습니다.
          with
          [
              _Ty=type_info
          ]
C:\Program Files\Microsoft Visual Studio\2022\Community\VC\Tools\MSVC\14.34.31933\include\memory(1827,17): message : 또는       'bool std::operator <(const std::shared_ptr<_Ty> &,const std::shared_ptr<_Ty0> &) noexcept'
C:\Program Files\Microsoft Visual Studio\2022\Community\VC\Tools\MSVC\14.34.31933\include\xstddef(142,49): message : 'bool std::operator <(const std::shared_ptr<_Ty> &,const std::shared_ptr<_Ty0> &) noexcept': 'const _Ty'에서 'const std::shared_ptr<_Ty> &'에 대한 템플릿 인수를 추론할 수 없습니다.
          with
          [
              _Ty=type_info
          ]
C:\Program Files\Microsoft Visual Studio\2022\Community\VC\Tools\MSVC\14.34.31933\include\xstring(5241,17): message : 또는       'bool std::operator <(const std::basic_string<_Elem,_Traits,_Alloc> &,const _Elem *const )'
C:\Program Files\Microsoft Visual Studio\2022\Community\VC\Tools\MSVC\14.34.31933\include\xstddef(142,49): message : 'bool std::operator <(const std::basic_string<_Elem,_Traits,_Alloc> &,const _Elem *const )': 'const _Ty'에서 'const std::basic_string<_Elem,_Traits,_Alloc> &'에 대한 템플릿 인수를 추론할 수 없습니다.
          with
          [
              _Ty=type_info
          ]
C:\Program Files\Microsoft Visual Studio\2022\Community\VC\Tools\MSVC\14.34.31933\include\xstring(5236,17): message : 또는       'bool std::operator <(const _Elem *const ,const std::basic_string<_Elem,_Traits,_Alloc> &)'
C:\Program Files\Microsoft Visual Studio\2022\Community\VC\Tools\MSVC\14.34.31933\include\xstddef(142,49): message : 'bool std::operator <(const _Elem *const ,const std::basic_string<_Elem,_Traits,_Alloc> &)': 'const _Ty'에서 'const _Elem *const '에 대한 템플릿 인수를 추론할 수 없습니다.
          with
          [
              _Ty=type_info
          ]
C:\Program Files\Microsoft Visual Studio\2022\Community\VC\Tools\MSVC\14.34.31933\include\xstring(5230,17): message : 또는       'bool std::operator <(const std::basic_string<_Elem,_Traits,_Alloc> &,const std::basic_string<_Elem,_Traits,_Alloc> &) noexcept'
C:\Program Files\Microsoft Visual Studio\2022\Community\VC\Tools\MSVC\14.34.31933\include\xstddef(142,49): message : 'bool std::operator <(const std::basic_string<_Elem,_Traits,_Alloc> &,const std::basic_string<_Elem,_Traits,_Alloc> &) noexcept': 'const _Ty'에서 'const std::basic_string<_Elem,_Traits,_Alloc> &'에 대한 템플릿 인수를 추론할 수 없습니다.
          with
          [
              _Ty=type_info
          ]
C:\Program Files\Microsoft Visual Studio\2022\Community\VC\Tools\MSVC\14.34.31933\include\xutility(3599,5): message : 또는       'bool std::operator <(const std::move_iterator<_Iter> &,const std::move_iterator<_Iter2> &) noexcept(<expr>)'
C:\Program Files\Microsoft Visual Studio\2022\Community\VC\Tools\MSVC\14.34.31933\include\xstddef(142,49): message : 'bool std::operator <(const std::move_iterator<_Iter> &,const std::move_iterator<_Iter2> &) noexcept(<expr>)': 'const _Ty'에서 'const std::move_iterator<_Iter> &'에 대한 템플릿 인수를 추론할 수 없습니다.
          with
          [
              _Ty=type_info
          ]
C:\Program Files\Microsoft Visual Studio\2022\Community\VC\Tools\MSVC\14.34.31933\include\xutility(1422,5): message : 또는       'bool std::operator <(const std::reverse_iterator<_BidIt> &,const std::reverse_iterator<_BidIt2> &) noexcept(<expr>)'
C:\Program Files\Microsoft Visual Studio\2022\Community\VC\Tools\MSVC\14.34.31933\include\xstddef(142,49): message : 'bool std::operator <(const std::reverse_iterator<_BidIt> &,const std::reverse_iterator<_BidIt2> &) noexcept(<expr>)': 'const _Ty'에서 'const std::reverse_iterator<_BidIt> &'에 대한 템플릿 인수를 추론할 수 없습니다.
          with
          [
              _Ty=type_info
          ]
C:\Program Files\Microsoft Visual Studio\2022\Community\VC\Tools\MSVC\14.34.31933\include\utility(387,27): message : 또는       'bool std::operator <(const std::pair<_Ty1,_Ty2> &,const std::pair<_Ty1,_Ty2> &)'
C:\Program Files\Microsoft Visual Studio\2022\Community\VC\Tools\MSVC\14.34.31933\include\xstddef(142,49): message : 'bool std::operator <(const std::pair<_Ty1,_Ty2> &,const std::pair<_Ty1,_Ty2> &)': 'const _Ty'에서 'const std::pair<_Ty1,_Ty2> &'에 대한 템플릿 인수를 추론할 수 없습니다.
          with
          [
              _Ty=type_info
          ]
C:\Program Files\Microsoft Visual Studio\2022\Community\VC\Tools\MSVC\14.34.31933\include\xutility(1091,16): message : 컴파일되는 함수 템플릿 인스턴스화 'bool std::_Debug_lt_pred<const std::less<type_info>&,const _Kty&,const _Keyty&,0>(_Pr,_Ty1,_Ty2) noexcept(<expr>)'에 대한 참조를 확인하세요.
          with
          [
              _Kty=type_info,
              _Keyty=type_info,
              _Pr=const std::less<type_info> &,
              _Ty1=const type_info &,
              _Ty2=const type_info &
          ]
C:\Program Files\Microsoft Visual Studio\2022\Community\VC\Tools\MSVC\14.34.31933\include\xtree(1367,1): message : 컴파일되는 함수 템플릿 인스턴스화 'std::_Tree_find_result<std::_Tree_node<std::pair<const type_info,IComponent *>,std::_Default_allocator_traits<_Alloc>::void_pointer> *> std::_Tree<std::_Tmap_traits<_Kty,_Ty,_Pr,_Alloc,false>>::_Find_lower_bound<_Other>(const _Keyty &) const'에 대한 참조를 확인하세요.
          with
          [
              _Alloc=std::allocator<std::pair<const type_info,IComponent *>>,
              _Kty=type_info,
              _Ty=IComponent *,
              _Pr=std::less<type_info>,
              _Other=type_info,
              _Keyty=type_info
          ]
C:\Program Files\Microsoft Visual Studio\2022\Community\VC\Tools\MSVC\14.34.31933\include\xtree(1367,50): message : 컴파일되는 함수 템플릿 인스턴스화 'std::_Tree_find_result<std::_Tree_node<std::pair<const type_info,IComponent *>,std::_Default_allocator_traits<_Alloc>::void_pointer> *> std::_Tree<std::_Tmap_traits<_Kty,_Ty,_Pr,_Alloc,false>>::_Find_lower_bound<_Other>(const _Keyty &) const'에 대한 참조를 확인하세요.
          with
          [
              _Alloc=std::allocator<std::pair<const type_info,IComponent *>>,
              _Kty=type_info,
              _Ty=IComponent *,
              _Pr=std::less<type_info>,
              _Other=type_info,
              _Keyty=type_info
          ]
C:\Program Files\Microsoft Visual Studio\2022\Community\VC\Tools\MSVC\14.34.31933\include\xtree(1377,1): message : 컴파일되는 함수 템플릿 인스턴스화 'std::_Tree_node<std::pair<const type_info,IComponent *>,std::_Default_allocator_traits<_Alloc>::void_pointer> *std::_Tree<std::_Tmap_traits<_Kty,_Ty,_Pr,_Alloc,false>>::_Find<type_info>(const _Other &) const'에 대한 참조를 확인하세요.
          with
          [
              _Alloc=std::allocator<std::pair<const type_info,IComponent *>>,
              _Kty=type_info,
              _Ty=IComponent *,
              _Pr=std::less<type_info>,
              _Other=type_info
          ]
C:\Program Files\Microsoft Visual Studio\2022\Community\VC\Tools\MSVC\14.34.31933\include\xtree(1377,9): message : 컴파일되는 함수 템플릿 인스턴스화 'std::_Tree_node<std::pair<const type_info,IComponent *>,std::_Default_allocator_traits<_Alloc>::void_pointer> *std::_Tree<std::_Tmap_traits<_Kty,_Ty,_Pr,_Alloc,false>>::_Find<type_info>(const _Other &) const'에 대한 참조를 확인하세요.
          with
          [
              _Alloc=std::allocator<std::pair<const type_info,IComponent *>>,
              _Kty=type_info,
              _Ty=IComponent *,
              _Pr=std::less<type_info>,
              _Other=type_info
          ]
C:\Program Files\Microsoft Visual Studio\2022\Community\VC\Tools\MSVC\14.34.31933\include\xtree(1376,1): message : 클래스 템플릿 멤버 함수 'std::_Tree_iterator<std::_Tree_val<std::_Tree_simple_types<std::pair<const type_info,IComponent *>>>> std::_Tree<std::_Tmap_traits<_Kty,_Ty,_Pr,_Alloc,false>>::find(const type_info &)'을(를) 컴파일하는 중입니다.
          with
          [
              _Kty=type_info,
              _Ty=IComponent *,
              _Pr=std::less<type_info>,
              _Alloc=std::allocator<std::pair<const type_info,IComponent *>>
          ]
C:\Users\he308\source\repos\WinAPI2\WinAPI2\GameObject.h(21,8): message : 컴파일되는 함수 템플릿 인스턴스화 'std::_Tree_iterator<std::_Tree_val<std::_Tree_simple_types<std::pair<const type_info,IComponent *>>>> std::_Tree<std::_Tmap_traits<_Kty,_Ty,_Pr,_Alloc,false>>::find(const type_info &)'에 대한 참조를 확인하세요.
          with
          [
              _Kty=type_info,
              _Ty=IComponent *,
              _Pr=std::less<type_info>,
              _Alloc=std::allocator<std::pair<const type_info,IComponent *>>
          ]
C:\Program Files\Microsoft Visual Studio\2022\Community\VC\Tools\MSVC\14.34.31933\include\map(73,1): message : 컴파일되는 클래스 템플릿 인스턴스화 'std::_Tree<std::_Tmap_traits<_Kty,_Ty,_Pr,_Alloc,false>>'에 대한 참조를 확인하세요.
          with
          [
              _Kty=type_info,
              _Ty=IComponent *,
              _Pr=std::less<type_info>,
              _Alloc=std::allocator<std::pair<const type_info,IComponent *>>
          ]
C:\Users\he308\source\repos\WinAPI2\WinAPI2\GameObject.h(45,35): message : 컴파일되는 클래스 템플릿 인스턴스화 'std::map<type_info,IComponent *,std::less<type_info>,std::allocator<std::pair<const type_info,IComponent *>>>'에 대한 참조를 확인하세요.
  Transform.cpp
C:\Users\he308\source\repos\WinAPI2\WinAPI2\Transform.cpp(19,11): warning C4244: '=': 'int'에서 'float'(으)로 변환하면서 데이터가 손실될 수 있습니다.
C:\Users\he308\source\repos\WinAPI2\WinAPI2\Transform.cpp(20,11): warning C4244: '=': 'int'에서 'float'(으)로 변환하면서 데이터가 손실될 수 있습니다.
  WinAPI2.cpp
  코드를 생성하고 있습니다...
